Load environment configuration
(node:1533) Warning: Accessing non-existent property 'MongoError' of module exports inside circular dependency
(Use `node --trace-warnings ...` to show where the warning was created)
RTS version v1.7.1 running at http://localhost:8091
Watching MongoDB
Caught exception: TypeError: Cannot read property 'clusterTime' of undefined
Exception origin: uncaughtException
/opt/appsmith/rts/node_modules/mongodb/lib/core/wireprotocol/command.js:53
      session.clusterTime.clusterTime.greaterThan(clusterTime.clusterTime)
                                                              ^

TypeError: Cannot read property 'clusterTime' of undefined
    at _command (/opt/appsmith/rts/node_modules/mongodb/lib/core/wireprotocol/command.js:53:63)
    at command (/opt/appsmith/rts/node_modules/mongodb/lib/core/wireprotocol/command.js:28:5)
    at Object.getMore (/opt/appsmith/rts/node_modules/mongodb/lib/core/wireprotocol/get_more.js:92:3)
    at Connection.getMore (/opt/appsmith/rts/node_modules/mongodb/lib/cmap/connection.js:179:8)
    at /opt/appsmith/rts/node_modules/mongodb/lib/core/sdam/server.js:333:12
    at Object.callback (/opt/appsmith/rts/node_modules/mongodb/lib/cmap/connection_pool.js:345:7)
    at processWaitQueue (/opt/appsmith/rts/node_modules/mongodb/lib/cmap/connection_pool.js:468:23)
    at /opt/appsmith/rts/node_modules/mongodb/lib/cmap/connection_pool.js:236:28
    at processTicksAndRejections (internal/process/task_queues.js:77:11)
Load environment configuration
(node:1722) Warning: Accessing non-existent property 'MongoError' of module exports inside circular dependency
(Use `node --trace-warnings ...` to show where the warning was created)
RTS version v1.7.1 running at http://localhost:8091
Watching MongoDB
ns:/page/edit# socket Lhq7UGdeRHyHT51SAAAF joined the room page:62a068f7b242ac0314bbdb25
ns:/# socket Kr8NjoXqmgIcWgdGAAAE joined the room app:62a068f6b242ac0314bbdb22
ns:/# socket Kr8NjoXqmgIcWgdGAAAE left the room app:62a068f6b242ac0314bbdb22
ns:/# socket Kr8NjoXqmgIcWgdGAAAE joined the room app:62a068f6b242ac0314bbdb22
ns:/# socket Kr8NjoXqmgIcWgdGAAAE left the room app:62a068f6b242ac0314bbdb22
ns:/page/edit # socket Lhq7UGdeRHyHT51SAAAF left the room page:62a068f7b242ac0314bbdb25
Load environment configuration
(node:1384) Warning: Accessing non-existent property 'MongoError' of module exports inside circular dependency
(Use `node --trace-warnings ...` to show where the warning was created)
RTS version v1.7.1 running at http://localhost:8091
Watching MongoDB
ns:/page/edit# socket 6z1wlM2TyVQ_pUaEAAAF joined the room page:62a068f7b242ac0314bbdb25
ns:/# socket qew11EKT-zyMCUoYAAAE joined the room app:62a068f6b242ac0314bbdb22
ns:/# socket qew11EKT-zyMCUoYAAAE left the room app:62a068f6b242ac0314bbdb22
ns:/# socket qew11EKT-zyMCUoYAAAE joined the room app:62a068f6b242ac0314bbdb22
Load environment configuration
(node:1384) Warning: Accessing non-existent property 'MongoError' of module exports inside circular dependency
(Use `node --trace-warnings ...` to show where the warning was created)
RTS version v1.7.1 running at http://localhost:8091
Watching MongoDB
ns:/# socket 6m_e9MB3j0xiybUUAAAE joined the room app:62a068f6b242ac0314bbdb22
ns:/page/edit# socket Hf6nP23hCqB4rmJpAAAF joined the room page:62a068f7b242ac0314bbdb25
