+ http_conf=/opt/appsmith/templates/nginx-app-http.conf.template.sh
+ https_conf=/opt/appsmith/templates/nginx-app-https.conf.template.sh
+ ssl_conf_path=/appsmith-stacks/data/certificate/conf
+ APP_TEMPLATE=/opt/appsmith/templates/nginx-app-http.conf.template.sh
+ mkdir -pv /appsmith-stacks/data/certificate/conf
+ cat
+ cat
+ [[ -n '' ]]
+ bash /opt/appsmith/templates/nginx-app-http.conf.template.sh ''
+ index_html_served=/opt/appsmith/editor/index.html
+ index_html_original=/opt/appsmith/index.html.original
+ [[ ! -f /opt/appsmith/index.html.original ]]
+ cp -v /opt/appsmith/editor/index.html /opt/appsmith/index.html.original
+ node -e '
const fs = require("fs")
const content = fs.readFileSync("/opt/appsmith/index.html.original", "utf8").replace(
  /\b__(APPSMITH_[A-Z0-9_]+)__\b/g,
  (placeholder, name) => (process.env[name] || "")
)
fs.writeFileSync("/opt/appsmith/editor/index.html", content)
'
+ exec nginx -g 'daemon off;error_log stderr info;'
2022/05/31 09:18:24 [notice] 188#188: using the "epoll" event method
2022/05/31 09:18:24 [notice] 188#188: nginx/1.18.0 (Ubuntu)
2022/05/31 09:18:24 [notice] 188#188: OS: Linux 5.10.102.1-microsoft-standard-WSL2
2022/05/31 09:18:24 [notice] 188#188: getrlimit(RLIMIT_NOFILE): 1048576:1048576
2022/05/31 09:18:24 [notice] 188#188: start worker processes
2022/05/31 09:18:24 [notice] 188#188: start worker process 228
2022/05/31 09:18:24 [notice] 188#188: start worker process 229
2022/05/31 09:18:24 [notice] 188#188: start worker process 230
2022/05/31 09:18:24 [notice] 188#188: start worker process 231
2022/05/31 09:18:24 [notice] 188#188: start worker process 232
2022/05/31 09:18:24 [notice] 188#188: start worker process 233
2022/05/31 09:18:24 [notice] 188#188: start worker process 234
2022/05/31 09:18:24 [notice] 188#188: start worker process 235
2022/05/31 09:18:24 [notice] 188#188: start worker process 236
2022/05/31 09:18:24 [notice] 188#188: start worker process 237
2022/05/31 09:18:24 [notice] 188#188: start worker process 238
2022/05/31 09:18:24 [notice] 188#188: start worker process 239
2022/05/31 09:18:24 [notice] 188#188: start worker process 240
2022/05/31 09:18:24 [notice] 188#188: start worker process 243
2022/05/31 09:18:24 [notice] 188#188: start worker process 244
2022/05/31 09:18:24 [notice] 188#188: start worker process 246
2022/05/31 09:47:01 [notice] 188#188: signal 3 (SIGQUIT) received from 1, shutting down
2022/05/31 09:47:01 [notice] 228#228: gracefully shutting down
2022/05/31 09:47:01 [notice] 229#229: gracefully shutting down
2022/05/31 09:47:01 [notice] 231#231: gracefully shutting down
2022/05/31 09:47:01 [notice] 237#237: gracefully shutting down
2022/05/31 09:47:01 [notice] 236#236: gracefully shutting down
2022/05/31 09:47:01 [notice] 237#237: exiting
2022/05/31 09:47:01 [notice] 233#233: gracefully shutting down
2022/05/31 09:47:01 [notice] 236#236: exiting
2022/05/31 09:47:01 [notice] 240#240: gracefully shutting down
2022/05/31 09:47:01 [notice] 232#232: gracefully shutting down
2022/05/31 09:47:01 [notice] 238#238: gracefully shutting down
2022/05/31 09:47:01 [notice] 240#240: exiting
2022/05/31 09:47:01 [notice] 234#234: gracefully shutting down
2022/05/31 09:47:01 [notice] 238#238: exiting
2022/05/31 09:47:01 [notice] 243#243: gracefully shutting down
2022/05/31 09:47:01 [notice] 233#233: exiting
2022/05/31 09:47:01 [notice] 239#239: gracefully shutting down
2022/05/31 09:47:01 [notice] 230#230: gracefully shutting down
2022/05/31 09:47:01 [notice] 246#246: gracefully shutting down
2022/05/31 09:47:01 [notice] 243#243: exiting
2022/05/31 09:47:01 [notice] 246#246: exiting
2022/05/31 09:47:01 [notice] 229#229: exiting
2022/05/31 09:47:01 [notice] 235#235: gracefully shutting down
2022/05/31 09:47:01 [notice] 230#230: exiting
2022/05/31 09:47:01 [notice] 244#244: gracefully shutting down
2022/05/31 09:47:01 [notice] 235#235: exiting
2022/05/31 09:47:01 [notice] 232#232: exiting
2022/05/31 09:47:01 [notice] 239#239: exiting
2022/05/31 09:47:01 [notice] 244#244: exiting
2022/05/31 09:47:01 [notice] 231#231: exiting
2022/05/31 09:47:01 [notice] 234#234: exiting
2022/05/31 09:47:01 [notice] 243#243: exit
2022/05/31 09:47:01 [notice] 233#233: exit
2022/05/31 09:47:01 [notice] 238#238: exit
2022/05/31 09:47:01 [notice] 240#240: exit
2022/05/31 09:47:01 [notice] 246#246: exit
2022/05/31 09:47:01 [notice] 231#231: exit
2022/05/31 09:47:01 [notice] 237#237: exit
2022/05/31 09:47:01 [notice] 232#232: exit
2022/05/31 09:47:01 [notice] 230#230: exit
2022/05/31 09:47:01 [notice] 239#239: exit
2022/05/31 09:47:01 [notice] 229#229: exit
2022/05/31 09:47:01 [notice] 235#235: exit
2022/05/31 09:47:01 [notice] 244#244: exit
2022/05/31 09:47:01 [notice] 236#236: exit
2022/05/31 09:47:01 [notice] 234#234: exit
2022/05/31 09:47:01 [notice] 188#188: signal 17 (SIGCHLD) received from 229
2022/05/31 09:47:01 [notice] 188#188: worker process 229 exited with code 0
2022/05/31 09:47:01 [notice] 188#188: worker process 232 exited with code 0
2022/05/31 09:47:01 [notice] 188#188: signal 29 (SIGIO) received
2022/05/31 09:47:01 [notice] 188#188: signal 17 (SIGCHLD) received from 231
2022/05/31 09:47:01 [notice] 188#188: worker process 230 exited with code 0
2022/05/31 09:47:01 [notice] 188#188: worker process 231 exited with code 0
2022/05/31 09:47:01 [notice] 188#188: worker process 233 exited with code 0
2022/05/31 09:47:01 [notice] 188#188: worker process 234 exited with code 0
2022/05/31 09:47:01 [notice] 188#188: worker process 235 exited with code 0
2022/05/31 09:47:01 [notice] 188#188: worker process 236 exited with code 0
2022/05/31 09:47:01 [notice] 188#188: worker process 237 exited with code 0
2022/05/31 09:47:01 [notice] 188#188: worker process 238 exited with code 0
2022/05/31 09:47:01 [notice] 188#188: worker process 239 exited with code 0
2022/05/31 09:47:01 [notice] 188#188: worker process 240 exited with code 0
2022/05/31 09:47:01 [notice] 188#188: worker process 243 exited with code 0
2022/05/31 09:47:01 [notice] 188#188: worker process 246 exited with code 0
2022/05/31 09:47:01 [notice] 188#188: signal 29 (SIGIO) received
2022/05/31 09:47:01 [notice] 188#188: signal 17 (SIGCHLD) received from 238
2022/05/31 09:47:01 [notice] 188#188: worker process 244 exited with code 0
2022/05/31 09:47:01 [notice] 188#188: signal 29 (SIGIO) received
+ http_conf=/opt/appsmith/templates/nginx-app-http.conf.template.sh
+ https_conf=/opt/appsmith/templates/nginx-app-https.conf.template.sh
+ ssl_conf_path=/appsmith-stacks/data/certificate/conf
+ APP_TEMPLATE=/opt/appsmith/templates/nginx-app-http.conf.template.sh
+ mkdir -pv /appsmith-stacks/data/certificate/conf
+ cat
+ cat
+ [[ -n '' ]]
+ bash /opt/appsmith/templates/nginx-app-http.conf.template.sh ''
+ index_html_served=/opt/appsmith/editor/index.html
+ index_html_original=/opt/appsmith/index.html.original
+ [[ ! -f /opt/appsmith/index.html.original ]]
+ cp -v /opt/appsmith/editor/index.html /opt/appsmith/index.html.original
+ node -e '
const fs = require("fs")
const content = fs.readFileSync("/opt/appsmith/index.html.original", "utf8").replace(
  /\b__(APPSMITH_[A-Z0-9_]+)__\b/g,
  (placeholder, name) => (process.env[name] || "")
)
fs.writeFileSync("/opt/appsmith/editor/index.html", content)
'
+ exec nginx -g 'daemon off;error_log stderr info;'
2022/06/07 09:57:09 [notice] 36#36: using the "epoll" event method
2022/06/07 09:57:09 [notice] 36#36: nginx/1.18.0 (Ubuntu)
2022/06/07 09:57:09 [notice] 36#36: OS: Linux 5.10.102.1-microsoft-standard-WSL2
2022/06/07 09:57:09 [notice] 36#36: getrlimit(RLIMIT_NOFILE): 1048576:1048576
2022/06/07 09:57:09 [notice] 36#36: start worker processes
2022/06/07 09:57:09 [notice] 36#36: start worker process 76
2022/06/07 09:57:09 [notice] 36#36: start worker process 77
2022/06/07 09:57:09 [notice] 36#36: start worker process 78
2022/06/07 09:57:09 [notice] 36#36: start worker process 79
2022/06/07 09:57:09 [notice] 36#36: start worker process 80
2022/06/07 09:57:09 [notice] 36#36: start worker process 81
2022/06/07 09:57:09 [notice] 36#36: start worker process 82
2022/06/07 09:57:09 [notice] 36#36: start worker process 83
2022/06/07 09:57:09 [notice] 36#36: start worker process 84
2022/06/07 09:57:09 [notice] 36#36: start worker process 85
2022/06/07 09:57:09 [notice] 36#36: start worker process 86
2022/06/07 09:57:09 [notice] 36#36: start worker process 87
2022/06/07 09:57:09 [notice] 36#36: start worker process 88
2022/06/07 09:57:09 [notice] 36#36: start worker process 89
2022/06/07 09:57:09 [notice] 36#36: start worker process 90
2022/06/07 09:57:09 [notice] 36#36: start worker process 91
2022/06/07 10:05:57 [notice] 36#36: signal 3 (SIGQUIT) received from 1, shutting down
2022/06/07 10:05:57 [notice] 76#76: gracefully shutting down
2022/06/07 10:05:57 [notice] 76#76: exiting
2022/06/07 10:05:57 [notice] 77#77: gracefully shutting down
2022/06/07 10:05:57 [notice] 78#78: gracefully shutting down
2022/06/07 10:05:57 [notice] 79#79: gracefully shutting down
2022/06/07 10:05:57 [notice] 77#77: exiting
2022/06/07 10:05:57 [notice] 78#78: exiting
2022/06/07 10:05:57 [notice] 80#80: gracefully shutting down
2022/06/07 10:05:57 [notice] 84#84: gracefully shutting down
2022/06/07 10:05:57 [notice] 82#82: gracefully shutting down
2022/06/07 10:05:57 [notice] 79#79: exiting
2022/06/07 10:05:57 [notice] 81#81: gracefully shutting down
2022/06/07 10:05:57 [notice] 80#80: exiting
2022/06/07 10:05:57 [notice] 83#83: gracefully shutting down
2022/06/07 10:05:57 [notice] 82#82: exiting
2022/06/07 10:05:57 [notice] 83#83: exiting
2022/06/07 10:05:57 [notice] 85#85: gracefully shutting down
2022/06/07 10:05:57 [notice] 88#88: gracefully shutting down
2022/06/07 10:05:57 [notice] 89#89: gracefully shutting down
2022/06/07 10:05:57 [notice] 85#85: exiting
2022/06/07 10:05:57 [notice] 90#90: gracefully shutting down
2022/06/07 10:05:57 [notice] 86#86: gracefully shutting down
2022/06/07 10:05:57 [notice] 89#89: exiting
2022/06/07 10:05:57 [notice] 90#90: exiting
2022/06/07 10:05:57 [notice] 86#86: exiting
2022/06/07 10:05:57 [notice] 88#88: exiting
2022/06/07 10:05:57 [notice] 91#91: gracefully shutting down
2022/06/07 10:05:57 [notice] 81#81: exiting
2022/06/07 10:05:57 [notice] 91#91: exiting
2022/06/07 10:05:57 [notice] 84#84: exiting
2022/06/07 10:05:57 [notice] 87#87: gracefully shutting down
2022/06/07 10:05:57 [notice] 87#87: exiting
2022/06/07 10:05:57 [notice] 83#83: exit
2022/06/07 10:05:57 [notice] 86#86: exit
2022/06/07 10:05:57 [notice] 81#81: exit
2022/06/07 10:05:57 [notice] 91#91: exit
2022/06/07 10:05:57 [notice] 85#85: exit
2022/06/07 10:05:57 [notice] 76#76: exit
2022/06/07 10:05:57 [notice] 80#80: exit
2022/06/07 10:05:57 [notice] 79#79: exit
2022/06/07 10:05:57 [notice] 82#82: exit
2022/06/07 10:05:57 [notice] 89#89: exit
2022/06/07 10:05:57 [notice] 78#78: exit
2022/06/07 10:05:57 [notice] 88#88: exit
2022/06/07 10:05:57 [notice] 87#87: exit
2022/06/07 10:05:57 [notice] 90#90: exit
2022/06/07 10:05:57 [notice] 36#36: signal 17 (SIGCHLD) received from 76
2022/06/07 10:05:57 [notice] 36#36: worker process 76 exited with code 0
2022/06/07 10:05:57 [notice] 36#36: worker process 78 exited with code 0
2022/06/07 10:05:57 [notice] 36#36: worker process 80 exited with code 0
2022/06/07 10:05:57 [notice] 36#36: worker process 82 exited with code 0
2022/06/07 10:05:57 [notice] 36#36: worker process 85 exited with code 0
2022/06/07 10:05:57 [notice] 36#36: worker process 86 exited with code 0
2022/06/07 10:05:57 [notice] 36#36: signal 29 (SIGIO) received
2022/06/07 10:05:57 [notice] 36#36: signal 17 (SIGCHLD) received from 86
2022/06/07 10:05:57 [notice] 36#36: worker process 83 exited with code 0
2022/06/07 10:05:57 [notice] 36#36: worker process 87 exited with code 0
2022/06/07 10:05:57 [notice] 84#84: exit
2022/06/07 10:05:57 [notice] 36#36: signal 29 (SIGIO) received
2022/06/07 10:05:57 [notice] 36#36: signal 17 (SIGCHLD) received from 88
2022/06/07 10:05:57 [notice] 36#36: worker process 88 exited with code 0
2022/06/07 10:05:57 [notice] 36#36: worker process 90 exited with code 0
2022/06/07 10:05:57 [notice] 36#36: signal 29 (SIGIO) received
2022/06/07 10:05:57 [notice] 77#77: exit
2022/06/07 10:05:57 [notice] 36#36: signal 17 (SIGCHLD) received from 81
2022/06/07 10:05:57 [notice] 36#36: worker process 79 exited with code 0
2022/06/07 10:05:57 [notice] 36#36: worker process 81 exited with code 0
2022/06/07 10:05:57 [notice] 36#36: worker process 91 exited with code 0
2022/06/07 10:05:57 [notice] 36#36: signal 29 (SIGIO) received
2022/06/07 10:05:57 [notice] 36#36: signal 17 (SIGCHLD) received from 89
2022/06/07 10:05:57 [notice] 36#36: worker process 89 exited with code 0
2022/06/07 10:05:57 [notice] 36#36: signal 29 (SIGIO) received
2022/06/07 10:05:57 [notice] 36#36: signal 17 (SIGCHLD) received from 84
2022/06/07 10:05:57 [notice] 36#36: worker process 84 exited with code 0
2022/06/07 10:05:57 [notice] 36#36: signal 17 (SIGCHLD) received from 77
2022/06/07 10:05:57 [notice] 36#36: worker process 77 exited with code 0
2022/06/07 10:05:57 [notice] 36#36: exit
